# JRE version: OpenJDK Runtime Environment (7.0_75-b13) (build 1.7.0_75-b13)
# Java VM: OpenJDK 64-Bit Server VM (24.75-b04 mixed mode linux-amd64 compressed oops)
Heap
 PSYoungGen      total 99328K, used 9196K [0x00000000f1600000, 0x00000000f9c00000, 0x0000000100000000)
  eden space 90112K, 0% used [0x00000000f1600000,0x00000000f1600000,0x00000000f6e00000)
  from space 9216K, 99% used [0x00000000f8a00000,0x00000000f92fb0f0,0x00000000f9300000)
  to   space 8192K, 0% used [0x00000000f9400000,0x00000000f9400000,0x00000000f9c00000)
 ParOldGen       total 203776K, used 199629K [0x00000000d4200000, 0x00000000e0900000, 0x00000000f1600000)
  object space 203776K, 97% used [0x00000000d4200000,0x00000000e04f3590,0x00000000e0900000)
 PSPermGen       total 87040K, used 39278K [0x00000000c9c00000, 0x00000000cf100000, 0x00000000d4200000)
  object space 87040K, 45% used [0x00000000c9c00000,0x00000000cc25b898,0x00000000cf100000)
GC Heap History (10 events):
Event: 12,139 GC heap after
Heap after GC invocations=10 (full 0):
 PSYoungGen      total 80384K, used 5092K [0x00000000f1600000, 0x00000000f6f80000, 0x0000000100000000)
  eden space 75264K, 0% used [0x00000000f1600000,0x00000000f1600000,0x00000000f5f80000)
  from space 5120K, 99% used [0x00000000f6680000,0x00000000f6b79238,0x00000000f6b80000)
  to   space 7168K, 0% used [0x00000000f5f80000,0x00000000f5f80000,0x00000000f6680000)
 ParOldGen       total 29696K, used 13445K [0x00000000d4200000, 0x00000000d5f00000, 0x00000000f1600000)
  object space 29696K, 45% used [0x00000000d4200000,0x00000000d4f21428,0x00000000d5f00000)
 PSPermGen       total 32256K, used 32231K [0x00000000c9c00000, 0x00000000cbb80000, 0x00000000d4200000)
  object space 32256K, 99% used [0x00000000c9c00000,0x00000000cbb79f68,0x00000000cbb80000)
}
Event: 16,954 GC heap before
{Heap before GC invocations=11 (full 0):
 PSYoungGen      total 80384K, used 77230K [0x00000000f1600000, 0x00000000f6f80000, 0x0000000100000000)
  eden space 75264K, 95% used [0x00000000f1600000,0x00000000f5c72758,0x00000000f5f80000)
  from space 5120K, 99% used [0x00000000f6680000,0x00000000f6b79238,0x00000000f6b80000)
  to   space 7168K, 0% used [0x00000000f5f80000,0x00000000f5f80000,0x00000000f6680000)
 ParOldGen       total 29696K, used 13445K [0x00000000d4200000, 0x00000000d5f00000, 0x00000000f1600000)
  object space 29696K, 45% used [0x00000000d4200000,0x00000000d4f21428,0x00000000d5f00000)
 PSPermGen       total 38912K, used 38514K [0x00000000c9c00000, 0x00000000cc200000, 0x00000000d4200000)
  object space 38912K, 98% used [0x00000000c9c00000,0x00000000cc19cb58,0x00000000cc200000)
Event: 17,088 GC heap after
Heap after GC invocations=11 (full 0):
 PSYoungGen      total 82432K, used 6577K [0x00000000f1600000, 0x00000000f9c00000, 0x0000000100000000)
  eden space 75264K, 0% used [0x00000000f1600000,0x00000000f1600000,0x00000000f5f80000)
  from space 7168K, 91% used [0x00000000f5f80000,0x00000000f65ec478,0x00000000f6680000)
  to   space 8192K, 0% used [0x00000000f9400000,0x00000000f9400000,0x00000000f9c00000)
 ParOldGen       total 58368K, used 51789K [0x00000000d4200000, 0x00000000d7b00000, 0x00000000f1600000)
  object space 58368K, 88% used [0x00000000d4200000,0x00000000d74937d0,0x00000000d7b00000)
 PSPermGen       total 38912K, used 38514K [0x00000000c9c00000, 0x00000000cc200000, 0x00000000d4200000)
  object space 38912K, 98% used [0x00000000c9c00000,0x00000000cc19cb58,0x00000000cc200000)
}
Event: 17,111 GC heap before
{Heap before GC invocations=12 (full 1):
 PSYoungGen      total 82432K, used 6577K [0x00000000f1600000, 0x00000000f9c00000, 0x0000000100000000)
  eden space 75264K, 0% used [0x00000000f1600000,0x00000000f1600000,0x00000000f5f80000)
  from space 7168K, 91% used [0x00000000f5f80000,0x00000000f65ec478,0x00000000f6680000)
  to   space 8192K, 0% used [0x00000000f9400000,0x00000000f9400000,0x00000000f9c00000)
 ParOldGen       total 58368K, used 51789K [0x00000000d4200000, 0x00000000d7b00000, 0x00000000f1600000)
  object space 58368K, 88% used [0x00000000d4200000,0x00000000d74937d0,0x00000000d7b00000)
 PSPermGen       total 38912K, used 38514K [0x00000000c9c00000, 0x00000000cc200000, 0x00000000d4200000)
  object space 38912K, 98% used [0x00000000c9c00000,0x00000000cc19cb58,0x00000000cc200000)
Event: 17,851 GC heap after
Heap after GC invocations=12 (full 1):
 PSYoungGen      total 82432K, used 0K [0x00000000f1600000, 0x00000000f9c00000, 0x0000000100000000)
  eden space 75264K, 0% used [0x00000000f1600000,0x00000000f1600000,0x00000000f5f80000)
  from space 7168K, 0% used [0x00000000f5f80000,0x00000000f5f80000,0x00000000f6680000)
  to   space 8192K, 0% used [0x00000000f9400000,0x00000000f9400000,0x00000000f9c00000)
 ParOldGen       total 87552K, used 48819K [0x00000000d4200000, 0x00000000d9780000, 0x00000000f1600000)
  object space 87552K, 55% used [0x00000000d4200000,0x00000000d71acda0,0x00000000d9780000)
 PSPermGen       total 77312K, used 38504K [0x00000000c9c00000, 0x00000000ce780000, 0x00000000d4200000)
  object space 77312K, 49% used [0x00000000c9c00000,0x00000000cc19a150,0x00000000ce780000)
}
Event: 17,941 GC heap before
{Heap before GC invocations=13 (full 1):
 PSYoungGen      total 82432K, used 68876K [0x00000000f1600000, 0x00000000f9c00000, 0x0000000100000000)
  eden space 75264K, 91% used [0x00000000f1600000,0x00000000f5943208,0x00000000f5f80000)
  from space 7168K, 0% used [0x00000000f5f80000,0x00000000f5f80000,0x00000000f6680000)
  to   space 8192K, 0% used [0x00000000f9400000,0x00000000f9400000,0x00000000f9c00000)
 ParOldGen       total 87552K, used 48819K [0x00000000d4200000, 0x00000000d9780000, 0x00000000f1600000)
  object space 87552K, 55% used [0x00000000d4200000,0x00000000d71acda0,0x00000000d9780000)
 PSPermGen       total 77312K, used 38505K [0x00000000c9c00000, 0x00000000ce780000, 0x00000000d4200000)
  object space 77312K, 49% used [0x00000000c9c00000,0x00000000cc19a450,0x00000000ce780000)
Event: 17,967 GC heap after
Heap after GC invocations=13 (full 1):
 PSYoungGen      total 98304K, used 8106K [0x00000000f1600000, 0x00000000f9c00000, 0x0000000100000000)
  eden space 90112K, 0% used [0x00000000f1600000,0x00000000f1600000,0x00000000f6e00000)
  from space 8192K, 98% used [0x00000000f9400000,0x00000000f9beab88,0x00000000f9c00000)
  to   space 9216K, 0% used [0x00000000f8a00000,0x00000000f8a00000,0x00000000f9300000)
 ParOldGen       total 102912K, used 99065K [0x00000000d4200000, 0x00000000da680000, 0x00000000f1600000)
  object space 102912K, 96% used [0x00000000d4200000,0x00000000da2be418,0x00000000da680000)
 PSPermGen       total 77312K, used 38505K [0x00000000c9c00000, 0x00000000ce780000, 0x00000000d4200000)
  object space 77312K, 49% used [0x00000000c9c00000,0x00000000cc19a450,0x00000000ce780000)
}
Event: 17,967 GC heap before
{Heap before GC invocations=14 (full 2):
 PSYoungGen      total 98304K, used 8106K [0x00000000f1600000, 0x00000000f9c00000, 0x0000000100000000)
  eden space 90112K, 0% used [0x00000000f1600000,0x00000000f1600000,0x00000000f6e00000)
  from space 8192K, 98% used [0x00000000f9400000,0x00000000f9beab88,0x00000000f9c00000)
  to   space 9216K, 0% used [0x00000000f8a00000,0x00000000f8a00000,0x00000000f9300000)
 ParOldGen       total 102912K, used 99065K [0x00000000d4200000, 0x00000000da680000, 0x00000000f1600000)
  object space 102912K, 96% used [0x00000000d4200000,0x00000000da2be418,0x00000000da680000)
 PSPermGen       total 77312K, used 38505K [0x00000000c9c00000, 0x00000000ce780000, 0x00000000d4200000)
  object space 77312K, 49% used [0x00000000c9c00000,0x00000000cc19a450,0x00000000ce780000)
Event: 18,128 GC heap after
Heap after GC invocations=14 (full 2):
 PSYoungGen      total 98304K, used 8023K [0x00000000f1600000, 0x00000000f9c00000, 0x0000000100000000)
  eden space 90112K, 0% used [0x00000000f1600000,0x00000000f1600000,0x00000000f6e00000)
  from space 8192K, 97% used [0x00000000f9400000,0x00000000f9bd5fe8,0x00000000f9c00000)
  to   space 9216K, 0% used [0x00000000f8a00000,0x00000000f8a00000,0x00000000f9300000)
 ParOldGen       total 173056K, used 98502K [0x00000000d4200000, 0x00000000deb00000, 0x00000000f1600000)
  object space 173056K, 56% used [0x00000000d4200000,0x00000000da231900,0x00000000deb00000)
 PSPermGen       total 87040K, used 38505K [0x00000000c9c00000, 0x00000000cf100000, 0x00000000d4200000)
  object space 87040K, 44% used [0x00000000c9c00000,0x00000000cc19a450,0x00000000cf100000)
}
Event: 50,283 GC heap before
{Heap before GC invocations=15 (full 2):
 PSYoungGen      total 98304K, used 98135K [0x00000000f1600000, 0x00000000f9c00000, 0x0000000100000000)
  eden space 90112K, 100% used [0x00000000f1600000,0x00000000f6e00000,0x00000000f6e00000)
  from space 8192K, 97% used [0x00000000f9400000,0x00000000f9bd5fe8,0x00000000f9c00000)
  to   space 9216K, 0% used [0x00000000f8a00000,0x00000000f8a00000,0x00000000f9300000)
 ParOldGen       total 173056K, used 98502K [0x00000000d4200000, 0x00000000deb00000, 0x00000000f1600000)
  object space 173056K, 56% used [0x00000000d4200000,0x00000000da231900,0x00000000deb00000)
 PSPermGen       total 87040K, used 39278K [0x00000000c9c00000, 0x00000000cf100000, 0x00000000d4200000)
  object space 87040K, 45% used [0x00000000c9c00000,0x00000000cc25b898,0x00000000cf100000)

